                                          CREST
                     COUPLED ROUTING AND EXCESS STORAGE (OU & NASA)
                               Version 2022          

 Run start date and time (yyyy/mm/dd hh:mm:ss): 2022/10/30 12:35:27


  Running Style is Simulation!
   Model Start Time: 20220101      
   Model End Time: 21221231      

           1  2022-01-01
           2  2022-01-02
           3  2022-01-03
           4  2022-01-04
           5  2022-01-05
           6  2022-01-06
           7  2022-01-07
           8  2022-01-08
           9  2022-01-09
          10  2022-01-10
          11  2022-01-11
          12  2022-01-12
          13  2022-01-13
          14  2022-01-14
          15  2022-01-15
          16  2022-01-16
          17  2022-01-17
          18  2022-01-18
          19  2022-01-19
          20  2022-01-20
          21  2022-01-21
          22  2022-01-22
          23  2022-01-23
          24  2022-01-24
          25  2022-01-25
          26  2022-01-26
          27  2022-01-27
          28  2022-01-28
          29  2022-01-29
          30  2022-01-30
          31  2022-01-31
          32  2022-02-01
          33  2022-02-02
          34  2022-02-03
          35  2022-02-04
          36  2022-02-05
          37  2022-02-06
          38  2022-02-07
          39  2022-02-08
          40  2022-02-09
          41  2022-02-10
          42  2022-02-11
          43  2022-02-12
          44  2022-02-13
          45  2022-02-14
          46  2022-02-15
          47  2022-02-16
          48  2022-02-17
          49  2022-02-18
          50  2022-02-19
          51  2022-02-20
          52  2022-02-21
          53  2022-02-22
          54  2022-02-23
          55  2022-02-24
          56  2022-02-25
          57  2022-02-26
          58  2022-02-27
          59  2022-02-28
          60  2022-03-01
          61  2022-03-02
          62  2022-03-03
          63  2022-03-04
          64  2022-03-05
          65  2022-03-06
          66  2022-03-07
          67  2022-03-08
          68  2022-03-09
          69  2022-03-10
          70  2022-03-11
          71  2022-03-12
          72  2022-03-13
          73  2022-03-14
          74  2022-03-15
          75  2022-03-16
          76  2022-03-17
          77  2022-03-18
          78  2022-03-19
          79  2022-03-20
          80  2022-03-21
          81  2022-03-22
          82  2022-03-23
          83  2022-03-24
          84  2022-03-25
          85  2022-03-26
          86  2022-03-27
          87  2022-03-28
          88  2022-03-29
          89  2022-03-30
          90  2022-03-31
          91  2022-04-01
          92  2022-04-02
          93  2022-04-03
          94  2022-04-04
          95  2022-04-05
          96  2022-04-06
          97  2022-04-07
          98  2022-04-08
          99  2022-04-09
         100  2022-04-10
         101  2022-04-11
         102  2022-04-12
         103  2022-04-13
         104  2022-04-14
         105  2022-04-15
         106  2022-04-16
         107  2022-04-17
         108  2022-04-18
         109  2022-04-19
         110  2022-04-20
         111  2022-04-21
         112  2022-04-22
         113  2022-04-23
         114  2022-04-24
         115  2022-04-25
         116  2022-04-26
         117  2022-04-27
         118  2022-04-28
         119  2022-04-29
         120  2022-04-30
         121  2022-05-01
         122  2022-05-02
         123  2022-05-03
         124  2022-05-04
         125  2022-05-05
         126  2022-05-06
         127  2022-05-07
         128  2022-05-08
         129  2022-05-09
         130  2022-05-10
         131  2022-05-11
         132  2022-05-12
         133  2022-05-13
         134  2022-05-14
         135  2022-05-15
         136  2022-05-16
         137  2022-05-17
         138  2022-05-18
         139  2022-05-19
         140  2022-05-20
         141  2022-05-21
         142  2022-05-22
         143  2022-05-23
         144  2022-05-24
         145  2022-05-25
         146  2022-05-26
         147  2022-05-27
         148  2022-05-28
         149  2022-05-29
         150  2022-05-30
         151  2022-05-31
